# JRE version: Java(TM) SE Runtime Environment (8.0_20-b26) (build 1.8.0_20-b26)
# Java VM: Java HotSpot(TM) 64-Bit Server VM (25.20-b23 mixed mode windows-amd64 compressed oops)
Heap:
 PSYoungGen      total 180736K, used 126144K [0x00000000d6800000, 0x00000000e5a80000, 0x0000000100000000)
  eden space 161792K, 77% used [0x00000000d6800000,0x00000000de3301d0,0x00000000e0600000)
  from space 18944K, 0% used [0x00000000e0600000,0x00000000e0600000,0x00000000e1880000)
  to   space 19968K, 0% used [0x00000000e4700000,0x00000000e4700000,0x00000000e5a80000)
 ParOldGen       total 111104K, used 34977K [0x0000000083800000, 0x000000008a480000, 0x00000000d6800000)
  object space 111104K, 31% used [0x0000000083800000,0x0000000085a28660,0x000000008a480000)
 Metaspace       used 52509K, capacity 53492K, committed 53808K, reserved 1095680K
  class space    used 6368K, capacity 6695K, committed 6704K, reserved 1048576K
GC Heap History (10 events):
Event: 12.544 GC heap before
{Heap before GC invocations=9 (full 1):
 PSYoungGen      total 141824K, used 14316K [0x00000000d6800000, 0x00000000e0b00000, 0x0000000100000000)
  eden space 127488K, 0% used [0x00000000d6800000,0x00000000d6800000,0x00000000de480000)
  from space 14336K, 99% used [0x00000000df600000,0x00000000e03fb3c8,0x00000000e0400000)
  to   space 17920K, 0% used [0x00000000de480000,0x00000000de480000,0x00000000df600000)
 ParOldGen       total 86016K, used 18366K [0x0000000083800000, 0x0000000088c00000, 0x00000000d6800000)
  object space 86016K, 21% used [0x0000000083800000,0x00000000849efb30,0x0000000088c00000)
 Metaspace       used 20854K, capacity 21218K, committed 21296K, reserved 1069056K
  class space    used 2430K, capacity 2583K, committed 2608K, reserved 1048576K
Event: 12.670 GC heap after
Heap after GC invocations=9 (full 1):
 PSYoungGen      total 141824K, used 0K [0x00000000d6800000, 0x00000000e0b00000, 0x0000000100000000)
  eden space 127488K, 0% used [0x00000000d6800000,0x00000000d6800000,0x00000000de480000)
  from space 14336K, 0% used [0x00000000df600000,0x00000000df600000,0x00000000e0400000)
  to   space 17920K, 0% used [0x00000000de480000,0x00000000de480000,0x00000000df600000)
 ParOldGen       total 78336K, used 25110K [0x0000000083800000, 0x0000000088480000, 0x00000000d6800000)
  object space 78336K, 32% used [0x0000000083800000,0x0000000085085940,0x0000000088480000)
 Metaspace       used 20854K, capacity 21218K, committed 21296K, reserved 1069056K
  class space    used 2430K, capacity 2583K, committed 2608K, reserved 1048576K
}
Event: 26.461 GC heap before
{Heap before GC invocations=10 (full 1):
 PSYoungGen      total 141824K, used 127488K [0x00000000d6800000, 0x00000000e0b00000, 0x0000000100000000)
  eden space 127488K, 100% used [0x00000000d6800000,0x00000000de480000,0x00000000de480000)
  from space 14336K, 0% used [0x00000000df600000,0x00000000df600000,0x00000000e0400000)
  to   space 17920K, 0% used [0x00000000de480000,0x00000000de480000,0x00000000df600000)
 ParOldGen       total 78336K, used 25110K [0x0000000083800000, 0x0000000088480000, 0x00000000d6800000)
  object space 78336K, 32% used [0x0000000083800000,0x0000000085085940,0x0000000088480000)
 Metaspace       used 25521K, capacity 26020K, committed 26160K, reserved 1073152K
  class space    used 2911K, capacity 3087K, committed 3120K, reserved 1048576K
Event: 26.480 GC heap after
Heap after GC invocations=10 (full 1):
 PSYoungGen      total 145408K, used 10866K [0x00000000d6800000, 0x00000000e2c80000, 0x0000000100000000)
  eden space 127488K, 0% used [0x00000000d6800000,0x00000000d6800000,0x00000000de480000)
  from space 17920K, 60% used [0x00000000de480000,0x00000000def1cbe0,0x00000000df600000)
  to   space 17408K, 0% used [0x00000000e1b80000,0x00000000e1b80000,0x00000000e2c80000)
 ParOldGen       total 78336K, used 25118K [0x0000000083800000, 0x0000000088480000, 0x00000000d6800000)
  object space 78336K, 32% used [0x0000000083800000,0x0000000085087940,0x0000000088480000)
 Metaspace       used 25521K, capacity 26020K, committed 26160K, reserved 1073152K
  class space    used 2911K, capacity 3087K, committed 3120K, reserved 1048576K
}
Event: 36.494 GC heap before
{Heap before GC invocations=11 (full 1):
 PSYoungGen      total 145408K, used 138354K [0x00000000d6800000, 0x00000000e2c80000, 0x0000000100000000)
  eden space 127488K, 100% used [0x00000000d6800000,0x00000000de480000,0x00000000de480000)
  from space 17920K, 60% used [0x00000000de480000,0x00000000def1cbe0,0x00000000df600000)
  to   space 17408K, 0% used [0x00000000e1b80000,0x00000000e1b80000,0x00000000e2c80000)
 ParOldGen       total 78336K, used 25118K [0x0000000083800000, 0x0000000088480000, 0x00000000d6800000)
  object space 78336K, 32% used [0x0000000083800000,0x0000000085087940,0x0000000088480000)
 Metaspace       used 31070K, capacity 31866K, committed 32048K, reserved 1077248K
  class space    used 3601K, capacity 3864K, committed 3888K, reserved 1048576K
Event: 36.510 GC heap after
Heap after GC invocations=11 (full 1):
 PSYoungGen      total 177664K, used 15093K [0x00000000d6800000, 0x00000000e2b00000, 0x0000000100000000)
  eden space 161792K, 0% used [0x00000000d6800000,0x00000000d6800000,0x00000000e0600000)
  from space 15872K, 95% used [0x00000000e1b80000,0x00000000e2a3d470,0x00000000e2b00000)
  to   space 18944K, 0% used [0x00000000e0600000,0x00000000e0600000,0x00000000e1880000)
 ParOldGen       total 78336K, used 25190K [0x0000000083800000, 0x0000000088480000, 0x00000000d6800000)
  object space 78336K, 32% used [0x0000000083800000,0x0000000085099950,0x0000000088480000)
 Metaspace       used 31070K, capacity 31866K, committed 32048K, reserved 1077248K
  class space    used 3601K, capacity 3864K, committed 3888K, reserved 1048576K
}
Event: 37.877 GC heap before
{Heap before GC invocations=12 (full 1):
 PSYoungGen      total 177664K, used 52926K [0x00000000d6800000, 0x00000000e2b00000, 0x0000000100000000)
  eden space 161792K, 23% used [0x00000000d6800000,0x00000000d8cf2400,0x00000000e0600000)
  from space 15872K, 95% used [0x00000000e1b80000,0x00000000e2a3d470,0x00000000e2b00000)
  to   space 18944K, 0% used [0x00000000e0600000,0x00000000e0600000,0x00000000e1880000)
 ParOldGen       total 78336K, used 25190K [0x0000000083800000, 0x0000000088480000, 0x00000000d6800000)
  object space 78336K, 32% used [0x0000000083800000,0x0000000085099950,0x0000000088480000)
 Metaspace       used 34567K, capacity 35368K, committed 35496K, reserved 1081344K
  class space    used 4076K, capacity 4357K, committed 4400K, reserved 1048576K
Event: 37.894 GC heap after
Heap after GC invocations=12 (full 1):
 PSYoungGen      total 180736K, used 14653K [0x00000000d6800000, 0x00000000e5a80000, 0x0000000100000000)
  eden space 161792K, 0% used [0x00000000d6800000,0x00000000d6800000,0x00000000e0600000)
  from space 18944K, 77% used [0x00000000e0600000,0x00000000e144f578,0x00000000e1880000)
  to   space 19968K, 0% used [0x00000000e4700000,0x00000000e4700000,0x00000000e5a80000)
 ParOldGen       total 78336K, used 25198K [0x0000000083800000, 0x0000000088480000, 0x00000000d6800000)
  object space 78336K, 32% used [0x0000000083800000,0x000000008509b950,0x0000000088480000)
 Metaspace       used 34567K, capacity 35368K, committed 35496K, reserved 1081344K
  class space    used 4076K, capacity 4357K, committed 4400K, reserved 1048576K
}
Event: 37.894 GC heap before
{Heap before GC invocations=13 (full 2):
 PSYoungGen      total 180736K, used 14653K [0x00000000d6800000, 0x00000000e5a80000, 0x0000000100000000)
  eden space 161792K, 0% used [0x00000000d6800000,0x00000000d6800000,0x00000000e0600000)
  from space 18944K, 77% used [0x00000000e0600000,0x00000000e144f578,0x00000000e1880000)
  to   space 19968K, 0% used [0x00000000e4700000,0x00000000e4700000,0x00000000e5a80000)
 ParOldGen       total 78336K, used 25198K [0x0000000083800000, 0x0000000088480000, 0x00000000d6800000)
  object space 78336K, 32% used [0x0000000083800000,0x000000008509b950,0x0000000088480000)
 Metaspace       used 34567K, capacity 35368K, committed 35496K, reserved 1081344K
  class space    used 4076K, capacity 4357K, committed 4400K, reserved 1048576K
Event: 38.072 GC heap after
Heap after GC invocations=13 (full 2):
 PSYoungGen      total 180736K, used 0K [0x00000000d6800000, 0x00000000e5a80000, 0x0000000100000000)
  eden space 161792K, 0% used [0x00000000d6800000,0x00000000d6800000,0x00000000e0600000)
  from space 18944K, 0% used [0x00000000e0600000,0x00000000e0600000,0x00000000e1880000)
  to   space 19968K, 0% used [0x00000000e4700000,0x00000000e4700000,0x00000000e5a80000)
 ParOldGen       total 111104K, used 34977K [0x0000000083800000, 0x000000008a480000, 0x00000000d6800000)
  object space 111104K, 31% used [0x0000000083800000,0x0000000085a28660,0x000000008a480000)
 Metaspace       used 34567K, capacity 35368K, committed 35496K, reserved 1081344K
  class space    used 4076K, capacity 4357K, committed 4400K, reserved 1048576K
}

